<?xml version="1.0" encoding="utf-8"?>
<test-run id="2" testcasecount="25" result="Failed(Child)" total="25" passed="24" failed="1" inconclusive="0" skipped="0" asserts="0" engine-version="3.5.0.0" clr-version="4.0.30319.42000" start-time="2022-03-07 12:32:09Z" end-time="2022-03-07 12:32:09Z" duration="0.0916236">
  <test-suite type="TestSuite" id="1000" name="SDET task - text feature" fullname="SDET task - text feature" runstate="Runnable" testcasecount="25" result="Failed" site="Child" start-time="2022-03-07 12:32:09Z" end-time="2022-03-07 12:32:09Z" duration="0.091624" total="25" passed="24" failed="1" inconclusive="0" skipped="0" asserts="0">
    <properties />
    <failure>
      <message><![CDATA[One or more child tests had errors]]></message>
    </failure>
    <test-suite type="Assembly" id="1029" name="PlayModeTests.dll" fullname="/Users/evelinastaniulyte/Documents/GitHub/SDET-task/Library/ScriptAssemblies/PlayModeTests.dll" runstate="Runnable" testcasecount="25" result="Failed" site="Child" start-time="2022-03-07 12:32:09Z" end-time="2022-03-07 12:32:09Z" duration="0.085023" total="25" passed="24" failed="1" inconclusive="0" skipped="0" asserts="0">
      <properties>
        <property name="_PID" value="64136" />
        <property name="_APPDOMAIN" value="Unity Child Domain" />
        <property name="platform" value="PlayMode" />
      </properties>
      <failure>
        <message><![CDATA[One or more child tests had errors]]></message>
      </failure>
      <test-suite type="TestFixture" id="1001" name="TextTests" fullname="TextTests" classname="TextTests" runstate="Runnable" testcasecount="25" result="Failed" site="Child" start-time="2022-03-07 12:32:09Z" end-time="2022-03-07 12:32:09Z" duration="0.083795" total="25" passed="24" failed="1" inconclusive="0" skipped="0" asserts="0">
        <properties />
        <failure>
          <message><![CDATA[One or more child tests had errors]]></message>
        </failure>
        <test-case id="1002" name="_01TextPrefabExists" fullname="TextTests._01TextPrefabExists" methodname="_01TextPrefabExists" classname="TextTests" runstate="Runnable" seed="2034303519" result="Passed" start-time="2022-03-07 12:32:09Z" end-time="2022-03-07 12:32:09Z" duration="0.025042" asserts="0">
          <properties />
        </test-case>
        <test-case id="1003" name="_02TextPrefabHasComponents" fullname="TextTests._02TextPrefabHasComponents" methodname="_02TextPrefabHasComponents" classname="TextTests" runstate="Runnable" seed="758265309" result="Passed" start-time="2022-03-07 12:32:09Z" end-time="2022-03-07 12:32:09Z" duration="0.000443" asserts="0">
          <properties />
        </test-case>
        <test-case id="1004" name="_03TextComponentIsEmpty" fullname="TextTests._03TextComponentIsEmpty" methodname="_03TextComponentIsEmpty" classname="TextTests" runstate="Runnable" seed="1719523545" result="Passed" start-time="2022-03-07 12:32:09Z" end-time="2022-03-07 12:32:09Z" duration="0.003306" asserts="0">
          <properties />
        </test-case>
        <test-suite type="ParameterizedMethod" id="1009" name="_04TextComponentNotEqualsToSimilarTextValue" fullname="TextTests._04TextComponentNotEqualsToSimilarTextValue" classname="TextTests" runstate="Runnable" testcasecount="4" result="Passed" start-time="2022-03-07 12:32:09Z" end-time="2022-03-07 12:32:09Z" duration="0.003270" total="4" passed="4" failed="0" inconclusive="0" skipped="0" asserts="0">
          <properties />
          <test-case id="1005" name="_04TextComponentNotEqualsToSimilarTextValue(&quot;Hello World !&quot;)" fullname="TextTests._04TextComponentNotEqualsToSimilarTextValue(&quot;Hello World !&quot;)" methodname="_04TextComponentNotEqualsToSimilarTextValue" classname="TextTests" runstate="Runnable" seed="1079628774" result="Passed" start-time="2022-03-07 12:32:09Z" end-time="2022-03-07 12:32:09Z" duration="0.000898" asserts="0">
            <properties />
          </test-case>
          <test-case id="1006" name="_04TextComponentNotEqualsToSimilarTextValue(&quot;Hello world !&quot;)" fullname="TextTests._04TextComponentNotEqualsToSimilarTextValue(&quot;Hello world !&quot;)" methodname="_04TextComponentNotEqualsToSimilarTextValue" classname="TextTests" runstate="Runnable" seed="1383155891" result="Passed" start-time="2022-03-07 12:32:09Z" end-time="2022-03-07 12:32:09Z" duration="0.000184" asserts="0">
            <properties />
          </test-case>
          <test-case id="1007" name="_04TextComponentNotEqualsToSimilarTextValue(&quot;hello World !&quot;)" fullname="TextTests._04TextComponentNotEqualsToSimilarTextValue(&quot;hello World !&quot;)" methodname="_04TextComponentNotEqualsToSimilarTextValue" classname="TextTests" runstate="Runnable" seed="799982097" result="Passed" start-time="2022-03-07 12:32:09Z" end-time="2022-03-07 12:32:09Z" duration="0.000226" asserts="0">
            <properties />
          </test-case>
          <test-case id="1008" name="_04TextComponentNotEqualsToSimilarTextValue(&quot;Hello World &quot;)" fullname="TextTests._04TextComponentNotEqualsToSimilarTextValue(&quot;Hello World &quot;)" methodname="_04TextComponentNotEqualsToSimilarTextValue" classname="TextTests" runstate="Runnable" seed="93863388" result="Passed" start-time="2022-03-07 12:32:09Z" end-time="2022-03-07 12:32:09Z" duration="0.000171" asserts="0">
            <properties />
          </test-case>
        </test-suite>
        <test-case id="1010" name="_05TextComponentEqualsToSetTextValue" fullname="TextTests._05TextComponentEqualsToSetTextValue" methodname="_05TextComponentEqualsToSetTextValue" classname="TextTests" runstate="Runnable" seed="270015776" result="Passed" start-time="2022-03-07 12:32:09Z" end-time="2022-03-07 12:32:09Z" duration="0.000230" asserts="0">
          <properties />
        </test-case>
        <test-suite type="ParameterizedMethod" id="1017" name="_06TextComponentEqualsToSetUnicodeTextValue" fullname="TextTests._06TextComponentEqualsToSetUnicodeTextValue" classname="TextTests" runstate="Runnable" testcasecount="6" result="Passed" start-time="2022-03-07 12:32:09Z" end-time="2022-03-07 12:32:09Z" duration="0.002000" total="6" passed="6" failed="0" inconclusive="0" skipped="0" asserts="0">
          <properties />
          <test-case id="1011" name="_06TextComponentEqualsToSetUnicodeTextValue(&quot;Basic Latin - !#%^&amp;*()+_@?~}|qwertyuiopadfghjk&quot;)" fullname="TextTests._06TextComponentEqualsToSetUnicodeTextValue(&quot;Basic Latin - !#%^&amp;*()+_@?~}|qwertyuiopadfghjk&quot;)" methodname="_06TextComponentEqualsToSetUnicodeTextValue" classname="TextTests" runstate="Runnable" seed="2302069" result="Passed" start-time="2022-03-07 12:32:09Z" end-time="2022-03-07 12:32:09Z" duration="0.000339" asserts="0">
            <properties />
          </test-case>
          <test-case id="1012" name="_06TextComponentEqualsToSetUnicodeTextValue(&quot;Latin-1 Supplement - ¡¢£¥©ª®±¶¾ÆðÃÇäĻ&quot;)" fullname="TextTests._06TextComponentEqualsToSetUnicodeTextValue(&quot;Latin-1 Supplement - ¡¢£¥©ª®±¶¾ÆðÃÇäĻ&quot;)" methodname="_06TextComponentEqualsToSetUnicodeTextValue" classname="TextTests" runstate="Runnable" seed="1973178815" result="Passed" start-time="2022-03-07 12:32:09Z" end-time="2022-03-07 12:32:09Z" duration="0.000148" asserts="0">
            <properties />
          </test-case>
          <test-case id="1013" name="_06TextComponentEqualsToSetUnicodeTextValue(&quot;Latin Extended-A - ČęėšųūąĎĦķŇĜŎŴ&quot;)" fullname="TextTests._06TextComponentEqualsToSetUnicodeTextValue(&quot;Latin Extended-A - ČęėšųūąĎĦķŇĜŎŴ&quot;)" methodname="_06TextComponentEqualsToSetUnicodeTextValue" classname="TextTests" runstate="Runnable" seed="1921772395" result="Passed" start-time="2022-03-07 12:32:09Z" end-time="2022-03-07 12:32:09Z" duration="0.000158" asserts="0">
            <properties />
          </test-case>
          <test-case id="1014" name="_06TextComponentEqualsToSetUnicodeTextValue(&quot;Latin Extended-B - ΆͿΏΓζεηωϐϒϢϠǣǮ&quot;)" fullname="TextTests._06TextComponentEqualsToSetUnicodeTextValue(&quot;Latin Extended-B - ΆͿΏΓζεηωϐϒϢϠǣǮ&quot;)" methodname="_06TextComponentEqualsToSetUnicodeTextValue" classname="TextTests" runstate="Runnable" seed="1628720869" result="Passed" start-time="2022-03-07 12:32:09Z" end-time="2022-03-07 12:32:09Z" duration="0.000162" asserts="0">
            <properties />
          </test-case>
          <test-case id="1015" name="_06TextComponentEqualsToSetUnicodeTextValue(&quot;Greek and Coptic - ΆͿΏΓζεηωϐϒϢϠϧ&quot;)" fullname="TextTests._06TextComponentEqualsToSetUnicodeTextValue(&quot;Greek and Coptic - ΆͿΏΓζεηωϐϒϢϠϧ&quot;)" methodname="_06TextComponentEqualsToSetUnicodeTextValue" classname="TextTests" runstate="Runnable" seed="823157672" result="Passed" start-time="2022-03-07 12:32:09Z" end-time="2022-03-07 12:32:09Z" duration="0.000146" asserts="0">
            <properties />
          </test-case>
          <test-case id="1016" name="_06TextComponentEqualsToSetUnicodeTextValue(&quot;Cyrillic- ЄЍБВМфэюѐњ&quot;)" fullname="TextTests._06TextComponentEqualsToSetUnicodeTextValue(&quot;Cyrillic- ЄЍБВМфэюѐњ&quot;)" methodname="_06TextComponentEqualsToSetUnicodeTextValue" classname="TextTests" runstate="Runnable" seed="1772534890" result="Passed" start-time="2022-03-07 12:32:09Z" end-time="2022-03-07 12:32:09Z" duration="0.000168" asserts="0">
            <properties />
          </test-case>
        </test-suite>
        <test-case id="1018" name="_07TextComponentEqualsToSetColor" fullname="TextTests._07TextComponentEqualsToSetColor" methodname="_07TextComponentEqualsToSetColor" classname="TextTests" runstate="Runnable" seed="1373317140" result="Passed" start-time="2022-03-07 12:32:09Z" end-time="2022-03-07 12:32:09Z" duration="0.002089" asserts="0">
          <properties />
        </test-case>
        <test-case id="1019" name="_08TextComponentNotEqualsToSetDistinctColor" fullname="TextTests._08TextComponentNotEqualsToSetDistinctColor" methodname="_08TextComponentNotEqualsToSetDistinctColor" classname="TextTests" runstate="Runnable" seed="54780228" result="Passed" start-time="2022-03-07 12:32:09Z" end-time="2022-03-07 12:32:09Z" duration="0.000406" asserts="0">
          <properties />
        </test-case>
        <test-case id="1020" name="_09TextComponentEqualsToSetFontSize" fullname="TextTests._09TextComponentEqualsToSetFontSize" methodname="_09TextComponentEqualsToSetFontSize" classname="TextTests" runstate="Runnable" seed="603276412" result="Passed" start-time="2022-03-07 12:32:09Z" end-time="2022-03-07 12:32:09Z" duration="0.001265" asserts="0">
          <properties />
        </test-case>
        <test-case id="1021" name="_10TextComponentEqualsToSetFontStyleNormal" fullname="TextTests._10TextComponentEqualsToSetFontStyleNormal" methodname="_10TextComponentEqualsToSetFontStyleNormal" classname="TextTests" runstate="Runnable" seed="572444236" result="Passed" start-time="2022-03-07 12:32:09Z" end-time="2022-03-07 12:32:09Z" duration="0.001784" asserts="0">
          <properties />
        </test-case>
        <test-case id="1022" name="_11TextComponentEqualsToSetFontStyleBold" fullname="TextTests._11TextComponentEqualsToSetFontStyleBold" methodname="_11TextComponentEqualsToSetFontStyleBold" classname="TextTests" runstate="Runnable" seed="1488877592" result="Passed" start-time="2022-03-07 12:32:09Z" end-time="2022-03-07 12:32:09Z" duration="0.000254" asserts="0">
          <properties />
        </test-case>
        <test-case id="1023" name="_12TextComponentEqualsToSetFontStyleItalic" fullname="TextTests._12TextComponentEqualsToSetFontStyleItalic" methodname="_12TextComponentEqualsToSetFontStyleItalic" classname="TextTests" runstate="Runnable" seed="286802749" result="Passed" start-time="2022-03-07 12:32:09Z" end-time="2022-03-07 12:32:09Z" duration="0.000458" asserts="0">
          <properties />
        </test-case>
        <test-case id="1024" name="_13TextComponentEqualsToSetFontStyleBoldAndItalic" fullname="TextTests._13TextComponentEqualsToSetFontStyleBoldAndItalic" methodname="_13TextComponentEqualsToSetFontStyleBoldAndItalic" classname="TextTests" runstate="Runnable" seed="1715672978" result="Passed" start-time="2022-03-07 12:32:09Z" end-time="2022-03-07 12:32:09Z" duration="0.000241" asserts="0">
          <properties />
        </test-case>
        <test-case id="1025" name="_14TextComponentNotEqualsToSetDifferentFontStyles" fullname="TextTests._14TextComponentNotEqualsToSetDifferentFontStyles" methodname="_14TextComponentNotEqualsToSetDifferentFontStyles" classname="TextTests" runstate="Runnable" seed="564042988" result="Passed" start-time="2022-03-07 12:32:09Z" end-time="2022-03-07 12:32:09Z" duration="0.000238" asserts="0">
          <properties />
        </test-case>
        <test-case id="1026" name="_15TextComponentTextLenghtRetursCorrectValue" fullname="TextTests._15TextComponentTextLenghtRetursCorrectValue" methodname="_15TextComponentTextLenghtRetursCorrectValue" classname="TextTests" runstate="Runnable" seed="1447844606" result="Passed" start-time="2022-03-07 12:32:09Z" end-time="2022-03-07 12:32:09Z" duration="0.000275" asserts="0">
          <properties />
        </test-case>
        <test-case id="1027" name="_16CreatingObjectAndTestingTextComponent" fullname="TextTests._16CreatingObjectAndTestingTextComponent" methodname="_16CreatingObjectAndTestingTextComponent" classname="TextTests" runstate="Runnable" seed="1465850269" result="Passed" start-time="2022-03-07 12:32:09Z" end-time="2022-03-07 12:32:09Z" duration="0.018292" asserts="0">
          <properties />
        </test-case>
        <test-case id="1028" name="_17CreatingObjectAndCheckDefaultTextComponentValues" fullname="TextTests._17CreatingObjectAndCheckDefaultTextComponentValues" methodname="_17CreatingObjectAndCheckDefaultTextComponentValues" classname="TextTests" runstate="Runnable" seed="1654033526" result="Failed" start-time="2022-03-07 12:32:09Z" end-time="2022-03-07 12:32:09Z" duration="0.007406" asserts="0">
          <properties />
          <failure>
            <message><![CDATA[  Expected: 14
  But was:  20
]]></message>
            <stack-trace><![CDATA[at TextTests._17CreatingObjectAndCheckDefaultTextComponentValues () [0x00012] in /Users/evelinastaniulyte/Documents/GitHub/SDET-task/Assets/Tests/PlayMode Tests/TextTests.cs:154
]]></stack-trace>
          </failure>
        </test-case>
      </test-suite>
    </test-suite>
  </test-suite>
</test-run>