<?xml version="1.0" encoding="utf-8"?>
<test-run id="2" testcasecount="25" result="Passed" total="25" passed="25" failed="0" inconclusive="0" skipped="0" asserts="0" engine-version="3.5.0.0" clr-version="4.0.30319.42000" start-time="2022-03-07 15:12:41Z" end-time="2022-03-07 15:12:41Z" duration="0.0789648">
  <test-suite type="TestSuite" id="1000" name="SDET task - text feature" fullname="SDET task - text feature" runstate="Runnable" testcasecount="25" result="Passed" start-time="2022-03-07 15:12:41Z" end-time="2022-03-07 15:12:41Z" duration="0.078965" total="25" passed="25" failed="0" inconclusive="0" skipped="0" asserts="0">
    <properties />
    <test-suite type="Assembly" id="1029" name="PlayModeTests.dll" fullname="/Users/evelinastaniulyte/Documents/GitHub/SDET-task/Library/ScriptAssemblies/PlayModeTests.dll" runstate="Runnable" testcasecount="25" result="Passed" start-time="2022-03-07 15:12:41Z" end-time="2022-03-07 15:12:41Z" duration="0.072875" total="25" passed="25" failed="0" inconclusive="0" skipped="0" asserts="0">
      <properties>
        <property name="_PID" value="67910" />
        <property name="_APPDOMAIN" value="Unity Child Domain" />
        <property name="platform" value="PlayMode" />
      </properties>
      <test-suite type="TestFixture" id="1001" name="TextTests" fullname="TextTests" classname="TextTests" runstate="Runnable" testcasecount="25" result="Passed" start-time="2022-03-07 15:12:41Z" end-time="2022-03-07 15:12:41Z" duration="0.071608" total="25" passed="25" failed="0" inconclusive="0" skipped="0" asserts="0">
        <properties />
        <test-case id="1002" name="_01CreatingObjectAndCheckDefaultTextComponentValues" fullname="TextTests._01CreatingObjectAndCheckDefaultTextComponentValues" methodname="_01CreatingObjectAndCheckDefaultTextComponentValues" classname="TextTests" runstate="Runnable" seed="1621401648" result="Passed" start-time="2022-03-07 15:12:41Z" end-time="2022-03-07 15:12:41Z" duration="0.042884" asserts="0">
          <properties />
        </test-case>
        <test-case id="1003" name="_02TextPrefabExists" fullname="TextTests._02TextPrefabExists" methodname="_02TextPrefabExists" classname="TextTests" runstate="Runnable" seed="1212713693" result="Passed" start-time="2022-03-07 15:12:41Z" end-time="2022-03-07 15:12:41Z" duration="0.000505" asserts="0">
          <properties />
        </test-case>
        <test-case id="1004" name="_03TextPrefabHasComponents" fullname="TextTests._03TextPrefabHasComponents" methodname="_03TextPrefabHasComponents" classname="TextTests" runstate="Runnable" seed="625904770" result="Passed" start-time="2022-03-07 15:12:41Z" end-time="2022-03-07 15:12:41Z" duration="0.000512" asserts="0">
          <properties />
        </test-case>
        <test-case id="1005" name="_04TextComponentIsEmpty" fullname="TextTests._04TextComponentIsEmpty" methodname="_04TextComponentIsEmpty" classname="TextTests" runstate="Runnable" seed="1526963456" result="Passed" start-time="2022-03-07 15:12:41Z" end-time="2022-03-07 15:12:41Z" duration="0.000465" asserts="0">
          <properties />
        </test-case>
        <test-suite type="ParameterizedMethod" id="1010" name="_05TextComponentNotEqualsToSimilarTextValue" fullname="TextTests._05TextComponentNotEqualsToSimilarTextValue" classname="TextTests" runstate="Runnable" testcasecount="4" result="Passed" start-time="2022-03-07 15:12:41Z" end-time="2022-03-07 15:12:41Z" duration="0.005834" total="4" passed="4" failed="0" inconclusive="0" skipped="0" asserts="0">
          <properties />
          <test-case id="1006" name="_05TextComponentNotEqualsToSimilarTextValue(&quot;Hello World !&quot;)" fullname="TextTests._05TextComponentNotEqualsToSimilarTextValue(&quot;Hello World !&quot;)" methodname="_05TextComponentNotEqualsToSimilarTextValue" classname="TextTests" runstate="Runnable" seed="1675576827" result="Passed" start-time="2022-03-07 15:12:41Z" end-time="2022-03-07 15:12:41Z" duration="0.000548" asserts="0">
            <properties />
          </test-case>
          <test-case id="1007" name="_05TextComponentNotEqualsToSimilarTextValue(&quot;Hello world !&quot;)" fullname="TextTests._05TextComponentNotEqualsToSimilarTextValue(&quot;Hello world !&quot;)" methodname="_05TextComponentNotEqualsToSimilarTextValue" classname="TextTests" runstate="Runnable" seed="1370589550" result="Passed" start-time="2022-03-07 15:12:41Z" end-time="2022-03-07 15:12:41Z" duration="0.000162" asserts="0">
            <properties />
          </test-case>
          <test-case id="1008" name="_05TextComponentNotEqualsToSimilarTextValue(&quot;hello World !&quot;)" fullname="TextTests._05TextComponentNotEqualsToSimilarTextValue(&quot;hello World !&quot;)" methodname="_05TextComponentNotEqualsToSimilarTextValue" classname="TextTests" runstate="Runnable" seed="1722366639" result="Passed" start-time="2022-03-07 15:12:41Z" end-time="2022-03-07 15:12:41Z" duration="0.000180" asserts="0">
            <properties />
          </test-case>
          <test-case id="1009" name="_05TextComponentNotEqualsToSimilarTextValue(&quot;Hello World &quot;)" fullname="TextTests._05TextComponentNotEqualsToSimilarTextValue(&quot;Hello World &quot;)" methodname="_05TextComponentNotEqualsToSimilarTextValue" classname="TextTests" runstate="Runnable" seed="2028807239" result="Passed" start-time="2022-03-07 15:12:41Z" end-time="2022-03-07 15:12:41Z" duration="0.000213" asserts="0">
            <properties />
          </test-case>
        </test-suite>
        <test-case id="1011" name="_06TextComponentEqualsToSetTextValue" fullname="TextTests._06TextComponentEqualsToSetTextValue" methodname="_06TextComponentEqualsToSetTextValue" classname="TextTests" runstate="Runnable" seed="886385361" result="Passed" start-time="2022-03-07 15:12:41Z" end-time="2022-03-07 15:12:41Z" duration="0.000245" asserts="0">
          <properties />
        </test-case>
        <test-suite type="ParameterizedMethod" id="1018" name="_07TextComponentEqualsToSetUnicodeTextValue" fullname="TextTests._07TextComponentEqualsToSetUnicodeTextValue" classname="TextTests" runstate="Runnable" testcasecount="6" result="Passed" start-time="2022-03-07 15:12:41Z" end-time="2022-03-07 15:12:41Z" duration="0.001920" total="6" passed="6" failed="0" inconclusive="0" skipped="0" asserts="0">
          <properties />
          <test-case id="1012" name="_07TextComponentEqualsToSetUnicodeTextValue(&quot;Basic Latin - !#%^&amp;*()+_@?~}|qwertyuiopadfghjk&quot;)" fullname="TextTests._07TextComponentEqualsToSetUnicodeTextValue(&quot;Basic Latin - !#%^&amp;*()+_@?~}|qwertyuiopadfghjk&quot;)" methodname="_07TextComponentEqualsToSetUnicodeTextValue" classname="TextTests" runstate="Runnable" seed="529057356" result="Passed" start-time="2022-03-07 15:12:41Z" end-time="2022-03-07 15:12:41Z" duration="0.000289" asserts="0">
            <properties />
          </test-case>
          <test-case id="1013" name="_07TextComponentEqualsToSetUnicodeTextValue(&quot;Latin-1 Supplement - ¡¢£¥©ª®±¶¾ÆðÃÇäĻ&quot;)" fullname="TextTests._07TextComponentEqualsToSetUnicodeTextValue(&quot;Latin-1 Supplement - ¡¢£¥©ª®±¶¾ÆðÃÇäĻ&quot;)" methodname="_07TextComponentEqualsToSetUnicodeTextValue" classname="TextTests" runstate="Runnable" seed="1764549809" result="Passed" start-time="2022-03-07 15:12:41Z" end-time="2022-03-07 15:12:41Z" duration="0.000164" asserts="0">
            <properties />
          </test-case>
          <test-case id="1014" name="_07TextComponentEqualsToSetUnicodeTextValue(&quot;Latin Extended-A - ČęėšųūąĎĦķŇĜŎŴ&quot;)" fullname="TextTests._07TextComponentEqualsToSetUnicodeTextValue(&quot;Latin Extended-A - ČęėšųūąĎĦķŇĜŎŴ&quot;)" methodname="_07TextComponentEqualsToSetUnicodeTextValue" classname="TextTests" runstate="Runnable" seed="563383435" result="Passed" start-time="2022-03-07 15:12:41Z" end-time="2022-03-07 15:12:41Z" duration="0.000195" asserts="0">
            <properties />
          </test-case>
          <test-case id="1015" name="_07TextComponentEqualsToSetUnicodeTextValue(&quot;Latin Extended-B - ΆͿΏΓζεηωϐϒϢϠǣǮ&quot;)" fullname="TextTests._07TextComponentEqualsToSetUnicodeTextValue(&quot;Latin Extended-B - ΆͿΏΓζεηωϐϒϢϠǣǮ&quot;)" methodname="_07TextComponentEqualsToSetUnicodeTextValue" classname="TextTests" runstate="Runnable" seed="1064842254" result="Passed" start-time="2022-03-07 15:12:41Z" end-time="2022-03-07 15:12:41Z" duration="0.000154" asserts="0">
            <properties />
          </test-case>
          <test-case id="1016" name="_07TextComponentEqualsToSetUnicodeTextValue(&quot;Greek and Coptic - ΆͿΏΓζεηωϐϒϢϠϧ&quot;)" fullname="TextTests._07TextComponentEqualsToSetUnicodeTextValue(&quot;Greek and Coptic - ΆͿΏΓζεηωϐϒϢϠϧ&quot;)" methodname="_07TextComponentEqualsToSetUnicodeTextValue" classname="TextTests" runstate="Runnable" seed="49162516" result="Passed" start-time="2022-03-07 15:12:41Z" end-time="2022-03-07 15:12:41Z" duration="0.000156" asserts="0">
            <properties />
          </test-case>
          <test-case id="1017" name="_07TextComponentEqualsToSetUnicodeTextValue(&quot;Cyrillic- ЄЍБВМфэюѐњ&quot;)" fullname="TextTests._07TextComponentEqualsToSetUnicodeTextValue(&quot;Cyrillic- ЄЍБВМфэюѐњ&quot;)" methodname="_07TextComponentEqualsToSetUnicodeTextValue" classname="TextTests" runstate="Runnable" seed="1405194876" result="Passed" start-time="2022-03-07 15:12:41Z" end-time="2022-03-07 15:12:41Z" duration="0.000151" asserts="0">
            <properties />
          </test-case>
        </test-suite>
        <test-case id="1019" name="_08TextComponentEqualsToSetColor" fullname="TextTests._08TextComponentEqualsToSetColor" methodname="_08TextComponentEqualsToSetColor" classname="TextTests" runstate="Runnable" seed="360671522" result="Passed" start-time="2022-03-07 15:12:41Z" end-time="2022-03-07 15:12:41Z" duration="0.000672" asserts="0">
          <properties />
        </test-case>
        <test-case id="1020" name="_09TextComponentNotEqualsToSetDistinctColor" fullname="TextTests._09TextComponentNotEqualsToSetDistinctColor" methodname="_09TextComponentNotEqualsToSetDistinctColor" classname="TextTests" runstate="Runnable" seed="1932350384" result="Passed" start-time="2022-03-07 15:12:41Z" end-time="2022-03-07 15:12:41Z" duration="0.000268" asserts="0">
          <properties />
        </test-case>
        <test-case id="1021" name="_10TextComponentEqualsToSetFontSize" fullname="TextTests._10TextComponentEqualsToSetFontSize" methodname="_10TextComponentEqualsToSetFontSize" classname="TextTests" runstate="Runnable" seed="1306046927" result="Passed" start-time="2022-03-07 15:12:41Z" end-time="2022-03-07 15:12:41Z" duration="0.000296" asserts="0">
          <properties />
        </test-case>
        <test-case id="1022" name="_11TextComponentEqualsToSetFontStyleNormal" fullname="TextTests._11TextComponentEqualsToSetFontStyleNormal" methodname="_11TextComponentEqualsToSetFontStyleNormal" classname="TextTests" runstate="Runnable" seed="1660900860" result="Passed" start-time="2022-03-07 15:12:41Z" end-time="2022-03-07 15:12:41Z" duration="0.000291" asserts="0">
          <properties />
        </test-case>
        <test-case id="1023" name="_12TextComponentEqualsToSetFontStyleBold" fullname="TextTests._12TextComponentEqualsToSetFontStyleBold" methodname="_12TextComponentEqualsToSetFontStyleBold" classname="TextTests" runstate="Runnable" seed="1792520776" result="Passed" start-time="2022-03-07 15:12:41Z" end-time="2022-03-07 15:12:41Z" duration="0.000415" asserts="0">
          <properties />
        </test-case>
        <test-case id="1024" name="_13TextComponentEqualsToSetFontStyleItalic" fullname="TextTests._13TextComponentEqualsToSetFontStyleItalic" methodname="_13TextComponentEqualsToSetFontStyleItalic" classname="TextTests" runstate="Runnable" seed="1565198532" result="Passed" start-time="2022-03-07 15:12:41Z" end-time="2022-03-07 15:12:41Z" duration="0.000328" asserts="0">
          <properties />
        </test-case>
        <test-case id="1025" name="_14TextComponentEqualsToSetFontStyleBoldAndItalic" fullname="TextTests._14TextComponentEqualsToSetFontStyleBoldAndItalic" methodname="_14TextComponentEqualsToSetFontStyleBoldAndItalic" classname="TextTests" runstate="Runnable" seed="665115214" result="Passed" start-time="2022-03-07 15:12:41Z" end-time="2022-03-07 15:12:41Z" duration="0.000232" asserts="0">
          <properties />
        </test-case>
        <test-case id="1026" name="_15TextComponentNotEqualsToSetDifferentFontStyles" fullname="TextTests._15TextComponentNotEqualsToSetDifferentFontStyles" methodname="_15TextComponentNotEqualsToSetDifferentFontStyles" classname="TextTests" runstate="Runnable" seed="612104703" result="Passed" start-time="2022-03-07 15:12:41Z" end-time="2022-03-07 15:12:41Z" duration="0.000217" asserts="0">
          <properties />
        </test-case>
        <test-case id="1027" name="_16TextComponentTextLenghtRetursCorrectValue" fullname="TextTests._16TextComponentTextLenghtRetursCorrectValue" methodname="_16TextComponentTextLenghtRetursCorrectValue" classname="TextTests" runstate="Runnable" seed="1921354990" result="Passed" start-time="2022-03-07 15:12:41Z" end-time="2022-03-07 15:12:41Z" duration="0.000270" asserts="0">
          <properties />
        </test-case>
        <test-case id="1028" name="_17CreatingObjectAndTestingTextComponent" fullname="TextTests._17CreatingObjectAndTestingTextComponent" methodname="_17CreatingObjectAndTestingTextComponent" classname="TextTests" runstate="Runnable" seed="1090167714" result="Passed" start-time="2022-03-07 15:12:41Z" end-time="2022-03-07 15:12:41Z" duration="0.000347" asserts="0">
          <properties />
        </test-case>
      </test-suite>
    </test-suite>
  </test-suite>
</test-run>