<?xml version="1.0" encoding="utf-8"?>
<test-run id="2" testcasecount="25" result="Failed(Child)" total="25" passed="24" failed="1" inconclusive="0" skipped="0" asserts="0" engine-version="3.5.0.0" clr-version="4.0.30319.42000" start-time="2022-03-07 08:19:56Z" end-time="2022-03-07 08:19:56Z" duration="0.1000461">
  <test-suite type="TestSuite" id="1000" name="SDET task - text feature" fullname="SDET task - text feature" runstate="Runnable" testcasecount="25" result="Failed" site="Child" start-time="2022-03-07 08:19:56Z" end-time="2022-03-07 08:19:56Z" duration="0.100046" total="25" passed="24" failed="1" inconclusive="0" skipped="0" asserts="0">
    <properties />
    <failure>
      <message><![CDATA[One or more child tests had errors]]></message>
    </failure>
    <test-suite type="Assembly" id="1029" name="PlayModeTests.dll" fullname="/Users/evelinastaniulyte/Documents/GitHub/SDET-task/Library/ScriptAssemblies/PlayModeTests.dll" runstate="Runnable" testcasecount="25" result="Failed" site="Child" start-time="2022-03-07 08:19:56Z" end-time="2022-03-07 08:19:56Z" duration="0.093896" total="25" passed="24" failed="1" inconclusive="0" skipped="0" asserts="0">
      <properties>
        <property name="_PID" value="56973" />
        <property name="_APPDOMAIN" value="Unity Child Domain" />
        <property name="platform" value="PlayMode" />
      </properties>
      <failure>
        <message><![CDATA[One or more child tests had errors]]></message>
      </failure>
      <test-suite type="TestFixture" id="1001" name="TextTests" fullname="TextTests" classname="TextTests" runstate="Runnable" testcasecount="25" result="Failed" site="Child" start-time="2022-03-07 08:19:56Z" end-time="2022-03-07 08:19:56Z" duration="0.092587" total="25" passed="24" failed="1" inconclusive="0" skipped="0" asserts="0">
        <properties />
        <failure>
          <message><![CDATA[One or more child tests had errors]]></message>
        </failure>
        <test-case id="1002" name="_01TextPrefabExists" fullname="TextTests._01TextPrefabExists" methodname="_01TextPrefabExists" classname="TextTests" runstate="Runnable" seed="167566914" result="Passed" start-time="2022-03-07 08:19:56Z" end-time="2022-03-07 08:19:56Z" duration="0.024749" asserts="0">
          <properties />
        </test-case>
        <test-case id="1003" name="_02TextPrefabHasComponents" fullname="TextTests._02TextPrefabHasComponents" methodname="_02TextPrefabHasComponents" classname="TextTests" runstate="Runnable" seed="971240937" result="Passed" start-time="2022-03-07 08:19:56Z" end-time="2022-03-07 08:19:56Z" duration="0.000442" asserts="0">
          <properties />
        </test-case>
        <test-case id="1004" name="_03TextComponentIsEmpty" fullname="TextTests._03TextComponentIsEmpty" methodname="_03TextComponentIsEmpty" classname="TextTests" runstate="Runnable" seed="215694032" result="Passed" start-time="2022-03-07 08:19:56Z" end-time="2022-03-07 08:19:56Z" duration="0.003235" asserts="0">
          <properties />
        </test-case>
        <test-suite type="ParameterizedMethod" id="1009" name="_04TextComponentNotEqualsToSimilarTextValue" fullname="TextTests._04TextComponentNotEqualsToSimilarTextValue" classname="TextTests" runstate="Runnable" testcasecount="4" result="Passed" start-time="2022-03-07 08:19:56Z" end-time="2022-03-07 08:19:56Z" duration="0.003094" total="4" passed="4" failed="0" inconclusive="0" skipped="0" asserts="0">
          <properties />
          <test-case id="1005" name="_04TextComponentNotEqualsToSimilarTextValue(&quot;Hello World !&quot;)" fullname="TextTests._04TextComponentNotEqualsToSimilarTextValue(&quot;Hello World !&quot;)" methodname="_04TextComponentNotEqualsToSimilarTextValue" classname="TextTests" runstate="Runnable" seed="1763657485" result="Passed" start-time="2022-03-07 08:19:56Z" end-time="2022-03-07 08:19:56Z" duration="0.000869" asserts="0">
            <properties />
          </test-case>
          <test-case id="1006" name="_04TextComponentNotEqualsToSimilarTextValue(&quot;Hello world !&quot;)" fullname="TextTests._04TextComponentNotEqualsToSimilarTextValue(&quot;Hello world !&quot;)" methodname="_04TextComponentNotEqualsToSimilarTextValue" classname="TextTests" runstate="Runnable" seed="770976777" result="Passed" start-time="2022-03-07 08:19:56Z" end-time="2022-03-07 08:19:56Z" duration="0.000157" asserts="0">
            <properties />
          </test-case>
          <test-case id="1007" name="_04TextComponentNotEqualsToSimilarTextValue(&quot;hello World !&quot;)" fullname="TextTests._04TextComponentNotEqualsToSimilarTextValue(&quot;hello World !&quot;)" methodname="_04TextComponentNotEqualsToSimilarTextValue" classname="TextTests" runstate="Runnable" seed="1256634688" result="Passed" start-time="2022-03-07 08:19:56Z" end-time="2022-03-07 08:19:56Z" duration="0.000161" asserts="0">
            <properties />
          </test-case>
          <test-case id="1008" name="_04TextComponentNotEqualsToSimilarTextValue(&quot;Hello World &quot;)" fullname="TextTests._04TextComponentNotEqualsToSimilarTextValue(&quot;Hello World &quot;)" methodname="_04TextComponentNotEqualsToSimilarTextValue" classname="TextTests" runstate="Runnable" seed="1459177137" result="Passed" start-time="2022-03-07 08:19:56Z" end-time="2022-03-07 08:19:56Z" duration="0.000152" asserts="0">
            <properties />
          </test-case>
        </test-suite>
        <test-case id="1010" name="_05TextComponentEqualsToSetTextValue" fullname="TextTests._05TextComponentEqualsToSetTextValue" methodname="_05TextComponentEqualsToSetTextValue" classname="TextTests" runstate="Runnable" seed="127659783" result="Passed" start-time="2022-03-07 08:19:56Z" end-time="2022-03-07 08:19:56Z" duration="0.000217" asserts="0">
          <properties />
        </test-case>
        <test-suite type="ParameterizedMethod" id="1017" name="_06TextComponentEqualsToSetUnicodeTextValue" fullname="TextTests._06TextComponentEqualsToSetUnicodeTextValue" classname="TextTests" runstate="Runnable" testcasecount="6" result="Passed" start-time="2022-03-07 08:19:56Z" end-time="2022-03-07 08:19:56Z" duration="0.002200" total="6" passed="6" failed="0" inconclusive="0" skipped="0" asserts="0">
          <properties />
          <test-case id="1011" name="_06TextComponentEqualsToSetUnicodeTextValue(&quot;Basic Latin - !#%^&amp;*()+_@?~}|qwertyuiopadfghjk&quot;)" fullname="TextTests._06TextComponentEqualsToSetUnicodeTextValue(&quot;Basic Latin - !#%^&amp;*()+_@?~}|qwertyuiopadfghjk&quot;)" methodname="_06TextComponentEqualsToSetUnicodeTextValue" classname="TextTests" runstate="Runnable" seed="1407316830" result="Passed" start-time="2022-03-07 08:19:56Z" end-time="2022-03-07 08:19:56Z" duration="0.000344" asserts="0">
            <properties />
          </test-case>
          <test-case id="1012" name="_06TextComponentEqualsToSetUnicodeTextValue(&quot;Latin-1 Supplement - ¡¢£¥©ª®±¶¾ÆðÃÇäĻ&quot;)" fullname="TextTests._06TextComponentEqualsToSetUnicodeTextValue(&quot;Latin-1 Supplement - ¡¢£¥©ª®±¶¾ÆðÃÇäĻ&quot;)" methodname="_06TextComponentEqualsToSetUnicodeTextValue" classname="TextTests" runstate="Runnable" seed="338636315" result="Passed" start-time="2022-03-07 08:19:56Z" end-time="2022-03-07 08:19:56Z" duration="0.000169" asserts="0">
            <properties />
          </test-case>
          <test-case id="1013" name="_06TextComponentEqualsToSetUnicodeTextValue(&quot;Latin Extended-A - ČęėšųūąĎĦķŇĜŎŴ&quot;)" fullname="TextTests._06TextComponentEqualsToSetUnicodeTextValue(&quot;Latin Extended-A - ČęėšųūąĎĦķŇĜŎŴ&quot;)" methodname="_06TextComponentEqualsToSetUnicodeTextValue" classname="TextTests" runstate="Runnable" seed="852340233" result="Passed" start-time="2022-03-07 08:19:56Z" end-time="2022-03-07 08:19:56Z" duration="0.000151" asserts="0">
            <properties />
          </test-case>
          <test-case id="1014" name="_06TextComponentEqualsToSetUnicodeTextValue(&quot;Latin Extended-B - ΆͿΏΓζεηωϐϒϢϠǣǮ&quot;)" fullname="TextTests._06TextComponentEqualsToSetUnicodeTextValue(&quot;Latin Extended-B - ΆͿΏΓζεηωϐϒϢϠǣǮ&quot;)" methodname="_06TextComponentEqualsToSetUnicodeTextValue" classname="TextTests" runstate="Runnable" seed="737648087" result="Passed" start-time="2022-03-07 08:19:56Z" end-time="2022-03-07 08:19:56Z" duration="0.000161" asserts="0">
            <properties />
          </test-case>
          <test-case id="1015" name="_06TextComponentEqualsToSetUnicodeTextValue(&quot;Greek and Coptic - ΆͿΏΓζεηωϐϒϢϠϧ&quot;)" fullname="TextTests._06TextComponentEqualsToSetUnicodeTextValue(&quot;Greek and Coptic - ΆͿΏΓζεηωϐϒϢϠϧ&quot;)" methodname="_06TextComponentEqualsToSetUnicodeTextValue" classname="TextTests" runstate="Runnable" seed="837751946" result="Passed" start-time="2022-03-07 08:19:56Z" end-time="2022-03-07 08:19:56Z" duration="0.000246" asserts="0">
            <properties />
          </test-case>
          <test-case id="1016" name="_06TextComponentEqualsToSetUnicodeTextValue(&quot;Cyrillic- ЄЍБВМфэюѐњ&quot;)" fullname="TextTests._06TextComponentEqualsToSetUnicodeTextValue(&quot;Cyrillic- ЄЍБВМфэюѐњ&quot;)" methodname="_06TextComponentEqualsToSetUnicodeTextValue" classname="TextTests" runstate="Runnable" seed="170859193" result="Passed" start-time="2022-03-07 08:19:56Z" end-time="2022-03-07 08:19:56Z" duration="0.000228" asserts="0">
            <properties />
          </test-case>
        </test-suite>
        <test-case id="1018" name="_07TextComponentEqualsToSetColor" fullname="TextTests._07TextComponentEqualsToSetColor" methodname="_07TextComponentEqualsToSetColor" classname="TextTests" runstate="Runnable" seed="660120591" result="Passed" start-time="2022-03-07 08:19:56Z" end-time="2022-03-07 08:19:56Z" duration="0.004901" asserts="0">
          <properties />
        </test-case>
        <test-case id="1019" name="_08TextComponentNotEqualsToSetDistinctColor" fullname="TextTests._08TextComponentNotEqualsToSetDistinctColor" methodname="_08TextComponentNotEqualsToSetDistinctColor" classname="TextTests" runstate="Runnable" seed="873945309" result="Passed" start-time="2022-03-07 08:19:56Z" end-time="2022-03-07 08:19:56Z" duration="0.000676" asserts="0">
          <properties />
        </test-case>
        <test-case id="1020" name="_09TextComponentEqualsToSetFontSize" fullname="TextTests._09TextComponentEqualsToSetFontSize" methodname="_09TextComponentEqualsToSetFontSize" classname="TextTests" runstate="Runnable" seed="1880405901" result="Passed" start-time="2022-03-07 08:19:56Z" end-time="2022-03-07 08:19:56Z" duration="0.001563" asserts="0">
          <properties />
        </test-case>
        <test-case id="1021" name="_10TextComponentEqualsToSetFontStyleNormal" fullname="TextTests._10TextComponentEqualsToSetFontStyleNormal" methodname="_10TextComponentEqualsToSetFontStyleNormal" classname="TextTests" runstate="Runnable" seed="516144396" result="Passed" start-time="2022-03-07 08:19:56Z" end-time="2022-03-07 08:19:56Z" duration="0.003132" asserts="0">
          <properties />
        </test-case>
        <test-case id="1022" name="_11TextComponentEqualsToSetFontStyleBold" fullname="TextTests._11TextComponentEqualsToSetFontStyleBold" methodname="_11TextComponentEqualsToSetFontStyleBold" classname="TextTests" runstate="Runnable" seed="2125231608" result="Passed" start-time="2022-03-07 08:19:56Z" end-time="2022-03-07 08:19:56Z" duration="0.000392" asserts="0">
          <properties />
        </test-case>
        <test-case id="1023" name="_12TextComponentEqualsToSetFontStyleItalic" fullname="TextTests._12TextComponentEqualsToSetFontStyleItalic" methodname="_12TextComponentEqualsToSetFontStyleItalic" classname="TextTests" runstate="Runnable" seed="684073315" result="Passed" start-time="2022-03-07 08:19:56Z" end-time="2022-03-07 08:19:56Z" duration="0.000459" asserts="0">
          <properties />
        </test-case>
        <test-case id="1024" name="_13TextComponentEqualsToSetFontStyleBoldAndItalic" fullname="TextTests._13TextComponentEqualsToSetFontStyleBoldAndItalic" methodname="_13TextComponentEqualsToSetFontStyleBoldAndItalic" classname="TextTests" runstate="Runnable" seed="465917004" result="Passed" start-time="2022-03-07 08:19:56Z" end-time="2022-03-07 08:19:56Z" duration="0.000341" asserts="0">
          <properties />
        </test-case>
        <test-case id="1025" name="_14TextComponentNotEqualsToSetDifferentFontStyles" fullname="TextTests._14TextComponentNotEqualsToSetDifferentFontStyles" methodname="_14TextComponentNotEqualsToSetDifferentFontStyles" classname="TextTests" runstate="Runnable" seed="622419278" result="Passed" start-time="2022-03-07 08:19:56Z" end-time="2022-03-07 08:19:56Z" duration="0.000299" asserts="0">
          <properties />
        </test-case>
        <test-case id="1026" name="_15TextComponentTextLenghtRetursCorrectValue" fullname="TextTests._15TextComponentTextLenghtRetursCorrectValue" methodname="_15TextComponentTextLenghtRetursCorrectValue" classname="TextTests" runstate="Runnable" seed="1969495203" result="Passed" start-time="2022-03-07 08:19:56Z" end-time="2022-03-07 08:19:56Z" duration="0.000355" asserts="0">
          <properties />
        </test-case>
        <test-case id="1027" name="_16CreatingObjectAndTestingTextComponent" fullname="TextTests._16CreatingObjectAndTestingTextComponent" methodname="_16CreatingObjectAndTestingTextComponent" classname="TextTests" runstate="Runnable" seed="1510130363" result="Passed" start-time="2022-03-07 08:19:56Z" end-time="2022-03-07 08:19:56Z" duration="0.023160" asserts="0">
          <properties />
        </test-case>
        <test-case id="1028" name="_17CreatingObjectAndCheckDefaultTextComponentValues" fullname="TextTests._17CreatingObjectAndCheckDefaultTextComponentValues" methodname="_17CreatingObjectAndCheckDefaultTextComponentValues" classname="TextTests" runstate="Runnable" seed="1567316540" result="Failed" start-time="2022-03-07 08:19:56Z" end-time="2022-03-07 08:19:56Z" duration="0.007744" asserts="0">
          <properties />
          <failure>
            <message><![CDATA[  Expected: 14
  But was:  18
]]></message>
            <stack-trace><![CDATA[at TextTests._17CreatingObjectAndCheckDefaultTextComponentValues () [0x00012] in /Users/evelinastaniulyte/Documents/GitHub/SDET-task/Assets/Tests/PlayMode Tests/TextTests.cs:153
]]></stack-trace>
          </failure>
        </test-case>
      </test-suite>
    </test-suite>
  </test-suite>
</test-run>